<?xml version="1.0" encoding="UTF-8"?>
<!-- Generated by org.testng.reporters.JUnitXMLReporter -->
<testsuite ignored="0" hostname="FRIDAY" failures="0" tests="15" name="Sanity Tests" time="35.604" errors="0" timestamp="2025-09-07T23:00:12 IST">
  <testcase classname="io.cucumber.testng.AbstractTestNGCucumberTests" name="runScenario" time="9.644"/>
  <testcase classname="io.cucumber.testng.AbstractTestNGCucumberTests" name="runScenario" time="2.95"/>
  <testcase classname="io.cucumber.testng.AbstractTestNGCucumberTests" name="runScenario" time="2.135"/>
  <testcase classname="io.cucumber.testng.AbstractTestNGCucumberTests" name="runScenario" time="2.174"/>
  <testcase classname="io.cucumber.testng.AbstractTestNGCucumberTests" name="runScenario" time="1.87"/>
  <testcase classname="testcases.InventoryUIValidationTestCase" name="validateUI" time="0.382"/>
  <testcase classname="testcases.CartFeatureValidationTestCases" name="addSingleProduct" time="0.114"/>
  <testcase classname="testcases.CartFeatureValidationTestCases" name="removeItem" time="10.317"/>
  <testcase classname="testcases.CartFeatureValidationTestCases" name="addMultipleProduct" time="0.389"/>
  <testcase classname="testcases.SortingFeatureValidationTestCases" name="sortingByAToZ" time="0.18"/>
  <testcase classname="testcases.SortingFeatureValidationTestCases" name="sortingByZToA" time="0.191"/>
  <testcase classname="testcases.SortingFeatureValidationTestCases" name="sortingByPriceLowToHigh" time="0.201"/>
  <testcase classname="testcases.SortingFeatureValidationTestCases" name="sortingByPriceHighToLow" time="0.396"/>
  <testcase classname="testcases.CheckoutFeatureValidationTestCases" name="checkoutWithOutPostalCode" time="0.555"/>
  <testcase classname="testcases.CheckoutFeatureValidationTestCases" name="checkoutWithAllDetails" time="0.478"/>
</testsuite> <!-- Sanity Tests -->
