<?xml version="1.0" encoding="UTF-8"?>
<!-- Generated by org.testng.reporters.JUnitXMLReporter -->
<testsuite ignored="0" hostname="FRIDAY" failures="0" tests="15" name="Sanity Tests" time="35.583" errors="0" timestamp="2025-09-07T23:20:53 IST">
  <testcase classname="io.cucumber.testng.AbstractTestNGCucumberTests" name="runScenario" time="8.918"/>
  <testcase classname="io.cucumber.testng.AbstractTestNGCucumberTests" name="runScenario" time="2.583"/>
  <testcase classname="io.cucumber.testng.AbstractTestNGCucumberTests" name="runScenario" time="2.05"/>
  <testcase classname="io.cucumber.testng.AbstractTestNGCucumberTests" name="runScenario" time="1.988"/>
  <testcase classname="io.cucumber.testng.AbstractTestNGCucumberTests" name="runScenario" time="1.942"/>
  <testcase classname="testcases.InventoryUIValidationTestCase" name="validateUI" time="0.376"/>
  <testcase classname="testcases.CartFeatureValidationTestCases" name="addSingleProduct" time="0.111"/>
  <testcase classname="testcases.CartFeatureValidationTestCases" name="removeItem" time="10.293"/>
  <testcase classname="testcases.CartFeatureValidationTestCases" name="addMultipleProduct" time="0.381"/>
  <testcase classname="testcases.SortingFeatureValidationTestCases" name="sortingByAToZ" time="0.162"/>
  <testcase classname="testcases.SortingFeatureValidationTestCases" name="sortingByZToA" time="0.17"/>
  <testcase classname="testcases.SortingFeatureValidationTestCases" name="sortingByPriceLowToHigh" time="0.167"/>
  <testcase classname="testcases.SortingFeatureValidationTestCases" name="sortingByPriceHighToLow" time="0.407"/>
  <testcase classname="testcases.CheckoutFeatureValidationTestCases" name="checkoutWithOutPostalCode" time="0.606"/>
  <testcase classname="testcases.CheckoutFeatureValidationTestCases" name="checkoutWithAllDetails" time="0.515"/>
</testsuite> <!-- Sanity Tests -->
